1. 名(主语)は(助词,读作わ)　名(谓语)です;   
2. 名は 名では(口语可做じゃ) あリません
3. 名は 名ですか。(不用?) --はい,そうです。　--いいえ,ちがいます。
4. 名の名(从属,属性)
5. 第一人称わたし 第二人称あなた 第三人称あの人, 在不知道姓名的时候才用第二人称,一般根据上下文可以省略第一二人称主语
6. 寒暄语 どうぞよろしく　おい（いた）します　こちらこそ
7. 会社T 是集合名词,社T 是特指名词
8. 第一人称男性用语:　W(ぼく)　俺(おれ); 第一人称女性用语: あたし
9. 第二人称 一般用语: あなた 俗语:　君(きみ)　お前(おまえ)　あんた F(きさま) てめえ
10.第三人称男性用语: 彼(かれ) 女性用语:彼女(かのじょ) 
11.君（くん）一般用在男性名字后,少数情况可以对女性使用,ちゃん一般用于关系好的小孩子,女性;さん一般通用
12.事物代词(带有れ,不能接名词,只能单独使用):  尽量不要代指人 连体词: 连接体言的词 体言: 名词,数词,代词
13.これ(近)/それ(中)/あれ(远) は 名 です   疑问: どれ
14.疑问句: ~ですか; 否定句: ~では ありません(じゃ ない)
15.当说话双方在一起,那么事物代词相同,如果有一段距离,那么就要区分说话人和指示事物的距离
16.この(近)/その(中)/あの(远) 名は 名です 疑问: どの
17.だれ--どなた--どちら
18.300 さんびゃく 600 ろつぴゃく 800 はつぴゃく 3000さんぜん　8000はつせん　　 101 ひゃく　いち
19.那一位: あの方(かた)
20.ここ(近)/そこ(中)/あそこ(远) は　名です　どこ 
21.名も名です
22.名(场所)に名(物\人)が: 表...有...; 名(物\人) は 名(场所) に:表...在...　あぃます(指代物体)/います(指代人活动物)
23.名と名(并列): 表...和...
24.疑问词+も+动(否定): 表全面否定
25.兄弟:包括哥姐弟妹  一人暮らし(ひとりぐらし)
26.xxxね 句尾助词表征求听话人的同意
27.いつ一般是较远时间
28.日语动词按照其形态和活用规律可细分为一类动词（五段动词）、二类动词（一段动词）、三类动词（サ变动词、カ变动词）。
29.日语动词都是以「う」段假名结尾的。
   う,く,す,つ,ぬ,（ふ）,む,（ゆ）,る,う
   ぐ,（ず）,（づ）,ぶ,（ぷ）
   注：除掉带（）的假名，以其他的假名结尾的都是动词。
  「する」或者以「する」结尾的词都是动词。
30.不是以「る」为结尾的动词都是“一类动词（五段动词）”,即以【う?く?す?つ?ぬ?む?う?ぐ?ぶ】;以「る」结尾的动词中，「る」前面的假名在「あ」段、「お」段上是“一类动词
31.以「る」结尾的动词中，「る」前面的假名在「い」段、「え」段上，是“二类动词（一段动词）“。
32.特殊的五段动词（26个）
	（かえ）る（回来、回去）
	切（き）る（切）
	p（へ）る（减少）
	要（い）る（需要）
	知（し）る（知道、认识）
	走（はし）る（跑、行驶）
	入（はい）る（进入）
	返（かえ）る（返还）
	滑（すべ）る（滑）
	参（まい）る（”来、去“的自谦语）
	混（ま）じる（夹杂）
	握（にぎ）る（握）
	煎（い）る（煎、炒）
	（ね）る（推敲）
	散（ち）る（凋谢）	
	照（て）る（照耀）
	蹴（け）る（踢）
	焦（あせ）る（着急）
	限（かぎ）る（限于）
	湿（しめ）る（潮湿）
	茂（しげ）る（茂盛）
	遮（さえぎ）る（遮住）
	R（ののし）る（骂）
	嘲（あざけ）る（嘲笑）
	q（みなぎ）る（充满）
	覆（くつがえ）る（被推翻）
33. 三类动词分 サ变动词 和 カ变动词
	「する」或者以「する」结尾的词都是サ变动词。
	“カ变动词”只有一个，就是【来（く）る（来）】
34. 1,3,4,6,8,10的时候分读作ぷん,否则ふん
35. 动ます(肯定)\动ません(否定)　动ました(过去肯定)\动ませんでした(过去否定)
36. 名词时态:
	现在/将来时 礼貌体: (肯定)です (否定)では　ありません
	现在/将来时 简体  : (肯定)だ (否定)じゃ　ない
	过去时 礼貌体	  : (肯定)でした (否定)では　ありませんでした
	过去时 简体 	  : (肯定)だった (否定)じゃ　なかった
37. 名(时间)に(星期,前面带有数字的年月日时分需要;今 今日 昨日 明日 每日 去年 来年等词不加助词) 动
38. 名(时间) から 名(时间)まで 动 从...到...在做什么;也可以单独使用,表示从...开始做什么 或 到...为止做什么
39. いつ(大范围的时间) 动 ますか 什么时候干什么
40. 4点 よじ　7点しちじ　9点くじ
41. うえ　した　まえ　うしろ　となり　よこ　なか　そと
42. 当两个名词表示时间,而前面的名词含有'每'时,名词之间不加'の',而当前面没有'每','の'可加可不加
43. 私の家＝うち 
44. 一类动词: 词尾在3段上; 变形: 3段变成2段+ます/ません
45. 二类动词: 词尾是2段/4段+る; 变形: 去る+ます/ません
46. 三类动词:    サ变动词　词尾是する; 变形: します/しません
		 カ变动词　くる; 变形: きます
47. 名(场所) へ(表方向,读え) 动(一般是行动动词: 行きます/ります/来ます): へ可以用に代替,但是前者是重于方向,后者重于目的;一般后者可以代替前者,但是当名词表示一件事情的话只能使用に
48. 名(场所) から 动
49. 名(人) と 动
50. 名(交通工具) で 动
51. 名(场所) から 名(场所) まで 动
52. に(目的/时间/地点)/で(交通工具/地点)/へ(方向)/から(从)/まで(到)/と(和)+は: 一般是起强调作用
